# do {tb_ip_clk_wiz_compile.do}
# ** Warning: (vlib-34) Library already exists at "modelsim_lib/work".
# 
# ** Warning: (vlib-34) Library already exists at "modelsim_lib/msim".
# 
# ** Warning: (vlib-34) Library already exists at "modelsim_lib/msim/xil_defaultlib".
# 
# Model Technology ModelSim SE-64 vmap 10.4 Lib Mapping Utility 2014.12 Dec  3 2014
# vmap xil_defaultlib modelsim_lib/msim/xil_defaultlib 
# Modifying modelsim.ini
# Model Technology ModelSim SE-64 vlog 10.4 Compiler 2014.12 Dec  3 2014
# Start time: 20:53:03 on Oct 25,2023
# vlog -incr -work xil_defaultlib "+incdir+../../../../ip_clk_wiz.gen/sources_1/ip/clk_wiz_0" ../../../../ip_clk_wiz.gen/sources_1/ip/clk_wiz_0/clk_wiz_0_clk_wiz.v ../../../../ip_clk_wiz.gen/sources_1/ip/clk_wiz_0/clk_wiz_0.v ../../../../../../rtl/ip_clk_wiz.v ../../../../../../sim/tb_ip_clk_wiz.v 
# -- Skipping module clk_wiz_0_clk_wiz
# -- Skipping module clk_wiz_0
# -- Skipping module ip_clk_wiz
# -- Skipping module tb_ip_clk_wiz
# 
# Top level modules:
# 	tb_ip_clk_wiz
# End time: 20:53:03 on Oct 25,2023, Elapsed time: 0:00:00
# Errors: 0, Warnings: 0
# Model Technology ModelSim SE-64 vlog 10.4 Compiler 2014.12 Dec  3 2014
# Start time: 20:53:03 on Oct 25,2023
# vlog -work xil_defaultlib glbl.v 
# -- Compiling module glbl
# 
# Top level modules:
# 	glbl
# End time: 20:53:03 on Oct 25,2023, Elapsed time: 0:00:00
# Errors: 0, Warnings: 0
